Shutdown : In progress...
StopNode()
Flushed 0 addresses to peers.dat  4ms
Shutdown : done
2018-02-10 22:38:49 



















2018-02-10 22:38:49 8 version v0.8.7.5-unk-beta ()
2018-02-10 22:38:49 Using OpenSSL version OpenSSL 1.0.2g  1 Mar 2016
2018-02-10 22:38:49 Default data directory /home/eight/.8
2018-02-10 22:38:49 Using data directory 
2018-02-10 22:38:49 Using at most 125 connections (1024 file descriptors available)
2018-02-10 22:38:49 Using 4 threads for script verification
2018-02-10 22:38:49 init message: Verifying wallet...
2018-02-10 22:38:49 dbenv.open LogDir=database ErrorFile=db.log
2018-02-10 22:38:49 Bound to [::]:8881
2018-02-10 22:38:49 Bound to 0.0.0.0:8881
2018-02-10 22:38:49 init message: Loading block index...
2018-02-10 22:38:49 Opening LevelDB in blocks/index
2018-02-10 22:38:49 Opened LevelDB successfully
2018-02-10 22:38:49 Opening LevelDB in chainstate
2018-02-10 22:38:49 Opened LevelDB successfully
2018-02-10 22:38:49 LoadBlockIndexDB(): last block file = 0
2018-02-10 22:38:49 LoadBlockIndexDB(): transaction index disabled
2018-02-10 22:38:49 Initializing databases...
2018-02-10 22:38:49 Searching for genesis block...
2018-02-10 22:38:49 nonce 00000000: hash = 07fac3f10a90e6cbedb575125874c86f7a0e456481131d77addae21535106f11 (target = 00000ffff0000000000000000000000000000000000000000000000000000000)
2018-02-10 22:38:50 nonce 00001000: hash = c626a6aaaf254fa3128400ce73a52b349df2e8a1d9e5444a15c87ae4374b5bab (target = 00000ffff0000000000000000000000000000000000000000000000000000000)
2018-02-10 22:38:51 nonce 00002000: hash = d5dca45ab1deaf3d06825a0642bf7bbd74025a0f9cc8431e97e8e1c0853f3dca (target = 00000ffff0000000000000000000000000000000000000000000000000000000)
2018-02-10 22:38:52 nonce 00003000: hash = 3d22289701435f457adcb88a5df621f53f1804925b23d1c14104dde79a0bab1c (target = 00000ffff0000000000000000000000000000000000000000000000000000000)
2018-02-10 22:38:54 nonce 00004000: hash = 59ada70310728f6baef2be5ea02768f1091ac6023d8535b677f80f5314d3ddea (target = 00000ffff0000000000000000000000000000000000000000000000000000000)
2018-02-10 22:38:55 nonce 00005000: hash = dcf29199f375e2cec2741c14bcda9b3f2ef19c046e8dee04ba30d158ffe33057 (target = 00000ffff0000000000000000000000000000000000000000000000000000000)
2018-02-10 22:38:59 nonce 00006000: hash = 8a713ada85e4c68c2ab8d927da693d2cc127eec1516d38cfc5c2526836437ec2 (target = 00000ffff0000000000000000000000000000000000000000000000000000000)
2018-02-10 22:39:00 nonce 00007000: hash = 37ba3654061ec58f0ca926f4481ed3791e6bc64b135cd9bfa1967c69893720ab (target = 00000ffff0000000000000000000000000000000000000000000000000000000)
2018-02-10 22:39:01 nonce 00008000: hash = 02b17141d27a0675740174fd8076a1de668ed2dc5a4789cef45d4e857ca41baf (target = 00000ffff0000000000000000000000000000000000000000000000000000000)
2018-02-10 22:39:02 nonce 00009000: hash = aa5efa23c7fb36fd5f5ea50dcc0bd55c7e3b6ad991b76dc1ee06617cf45f9434 (target = 00000ffff0000000000000000000000000000000000000000000000000000000)
2018-02-10 22:39:03 nonce 0000A000: hash = a9237b4a2d562bfa19b7346f1d65a35fb8587f651d7c492919f3dc23b01f43e8 (target = 00000ffff0000000000000000000000000000000000000000000000000000000)
2018-02-10 22:39:04 nonce 0000B000: hash = 92e4a5ccea61a8792363ba29e84b60adc577bc8a88e3e321662ab786909da16b (target = 00000ffff0000000000000000000000000000000000000000000000000000000)
2018-02-10 22:39:05 nonce 0000C000: hash = 101d13f9be85f6d71d050b0dae1ca315e83f577df62bc160f87abe5c93207969 (target = 00000ffff0000000000000000000000000000000000000000000000000000000)
2018-02-10 22:39:06 nonce 0000D000: hash = b7f67d5185250eb08b508987a840587129e2e0bbae913d3f9f4622e16356cef7 (target = 00000ffff0000000000000000000000000000000000000000000000000000000)
2018-02-10 22:39:08 nonce 0000E000: hash = dea06d55ef53f8aec4afdf54334366118cdad419cbe68f604a78a02f75dc4ddd (target = 00000ffff0000000000000000000000000000000000000000000000000000000)
2018-02-10 22:39:09 nonce 0000F000: hash = 97caedb1a1b99d28977388b75628fbfd74f67c1022e4620d4cd5ce74525a0fef (target = 00000ffff0000000000000000000000000000000000000000000000000000000)
2018-02-10 22:39:10 nonce 00010000: hash = 6da4750b56d22e942e30242ee1aa7282666ddbd1094580a2798f19b7673d28e5 (target = 00000ffff0000000000000000000000000000000000000000000000000000000)
2018-02-10 22:39:11 nonce 00011000: hash = 4165b830a2eb987027c1cfd6100cdc2f3b81c8628a3ce76c12812884254d419e (target = 00000ffff0000000000000000000000000000000000000000000000000000000)
2018-02-10 22:39:12 nonce 00012000: hash = 5af90819a78fdc80f40c9321d6cd1155de9f1dc6793fac44e360f96fdb33e77b (target = 00000ffff0000000000000000000000000000000000000000000000000000000)
2018-02-10 22:39:14 nonce 00013000: hash = 11e4182bfbcd1fe1dfde47c5d1655c925103b9ec37539928a75268b9229da596 (target = 00000ffff0000000000000000000000000000000000000000000000000000000)
2018-02-10 22:39:15 nonce 00014000: hash = f66713f6e82b8a745f93c6139e624bbd861a46c9a9e4e79dd19ce3d0f7a5795f (target = 00000ffff0000000000000000000000000000000000000000000000000000000)
2018-02-10 22:39:16 nonce 00015000: hash = ec7ba394b8e20a7337a7bfda5becd528ecae9a7e5f9bd0af42a3fa36ee695081 (target = 00000ffff0000000000000000000000000000000000000000000000000000000)
2018-02-10 22:39:17 nonce 00016000: hash = 56133f3a5feb120b613c06b1ec9ea89927532ab4a94f94a8fba2a07924e4dce6 (target = 00000ffff0000000000000000000000000000000000000000000000000000000)
2018-02-10 22:39:18 nonce 00017000: hash = f92f5f6a5524cfd96d0c51ee4d7d0eab43dc08885862f7340ef2272063a70163 (target = 00000ffff0000000000000000000000000000000000000000000000000000000)
2018-02-10 22:39:19 nonce 00018000: hash = 2e5d4edcea7f805c034b52cb98bf3de514c6037bd84dd63e2f05bf4912d59b83 (target = 00000ffff0000000000000000000000000000000000000000000000000000000)
2018-02-10 22:39:21 nonce 00019000: hash = 0430b2619e54b8c326e633c1afd7656f3bbefb8995bf73aef7ba1a3909b353cf (target = 00000ffff0000000000000000000000000000000000000000000000000000000)
2018-02-10 22:39:22 nonce 0001A000: hash = e8e11b82aa946a6a74964eb163c5cce7c1ade6411b2228ef1a64a14a452491d2 (target = 00000ffff0000000000000000000000000000000000000000000000000000000)
2018-02-10 22:39:23 nonce 0001B000: hash = 8e885abbe57501379044147ead427b6c093cbd906d1ab09e3af75823f82a4802 (target = 00000ffff0000000000000000000000000000000000000000000000000000000)
2018-02-10 22:39:24 nonce 0001C000: hash = 58de7f4fa2c3bd21388914f11c93e76eaa1745be23bdc08c8f1e8c063a32c1b3 (target = 00000ffff0000000000000000000000000000000000000000000000000000000)
2018-02-10 22:39:25 nonce 0001D000: hash = 8d79f680496cdfba9b53fa47916f0389ca9c280e5ca5c5142519e87360db11c9 (target = 00000ffff0000000000000000000000000000000000000000000000000000000)
2018-02-10 22:39:27 nonce 0001E000: hash = e69214966190ac83cd4c5f3e1071e4a4d3dd4265c6737e8df780f32a3b753e79 (target = 00000ffff0000000000000000000000000000000000000000000000000000000)
2018-02-10 22:39:28 nonce 0001F000: hash = 1ce6854e31f3d679406c27632c7aabb267935a7ecf0aafd1a9191a3f2c39563e (target = 00000ffff0000000000000000000000000000000000000000000000000000000)
2018-02-10 22:39:29 nonce 00020000: hash = 14c467c75b0cb56793f6c24347bcd9be0a42db6630d86970321066eb9c56a655 (target = 00000ffff0000000000000000000000000000000000000000000000000000000)
2018-02-10 22:39:30 nonce 00021000: hash = 8451ae536bcd60406dfe47ef11b8e7d221ad2a96b76d36198bd5c63e33a4b7b3 (target = 00000ffff0000000000000000000000000000000000000000000000000000000)
2018-02-10 22:39:31 nonce 00022000: hash = e49acae75ca27336c7fd8b1d7578fa2f6de3a4531eebc12b28d17d6f6844da79 (target = 00000ffff0000000000000000000000000000000000000000000000000000000)
2018-02-10 22:39:33 nonce 00023000: hash = ff3566aef3abf69e48b3bf7014a2c4526c68dd245849945f2f42af097d1acba9 (target = 00000ffff0000000000000000000000000000000000000000000000000000000)
2018-02-10 22:39:34 nonce 00024000: hash = 9bbd02ade4f7562db67b73dd19a884ce9d9da5d3ee873a440e335de9fa830397 (target = 00000ffff0000000000000000000000000000000000000000000000000000000)
2018-02-10 22:39:35 nonce 00025000: hash = 347ec9c80354515634654f22fd31ab03f59802186a82a4bf33c21251c154942a (target = 00000ffff0000000000000000000000000000000000000000000000000000000)
2018-02-10 22:39:36 nonce 00026000: hash = 8d953b4b9f2091153868de5e326ae804c5ae8fca0bc16fc017c24ece6f8fbb33 (target = 00000ffff0000000000000000000000000000000000000000000000000000000)
2018-02-10 22:39:37 nonce 00027000: hash = 6a48730ffd220af19772db24a64a8c5e3fe622ba7a9ec877ddbea3e6fb4278c8 (target = 00000ffff0000000000000000000000000000000000000000000000000000000)
2018-02-10 22:39:39 nonce 00028000: hash = 90fec4b034c0a87178ca7ced9665fe2b04c82ff501d28924aa44ca5f2ec1594a (target = 00000ffff0000000000000000000000000000000000000000000000000000000)
2018-02-10 22:39:40 nonce 00029000: hash = 9c632849dd04c2d32de843bf719a3e32e4cd6cc1596bc693bb67cdaca326c79b (target = 00000ffff0000000000000000000000000000000000000000000000000000000)
2018-02-10 22:39:41 nonce 0002A000: hash = b4daf7e4fd7ced7caf75df6e9155947d3bf7bf5b19a9609d9f5dd9d450ece16a (target = 00000ffff0000000000000000000000000000000000000000000000000000000)
2018-02-10 22:39:43 nonce 0002B000: hash = 074aeeaf2ea0cb293929715949b0a99442e8700e2b5d19bc0ded021a62106ddd (target = 00000ffff0000000000000000000000000000000000000000000000000000000)
2018-02-10 22:39:45 nonce 0002C000: hash = 8942cf3fc33910866d38c8c405d5432f00d48eb9f10299ece6e93a1679c4cbf7 (target = 00000ffff0000000000000000000000000000000000000000000000000000000)
2018-02-10 22:39:47 nonce 0002D000: hash = d57ecb8f635bb0f5fc905ddc3e9114e2bfc2c570274989090e99c5c328970ab9 (target = 00000ffff0000000000000000000000000000000000000000000000000000000)
2018-02-10 22:39:49 nonce 0002E000: hash = ab463b3aec755b4636728adcdf52edd9d43888bed50cbd5e09276d4d86d8d908 (target = 00000ffff0000000000000000000000000000000000000000000000000000000)
2018-02-10 22:39:51 nonce 0002F000: hash = a612079a8d7a2ebc0fd3edb228dd167eef2aab01fa0bc138f0b8ee0031b30085 (target = 00000ffff0000000000000000000000000000000000000000000000000000000)
2018-02-10 22:39:53 nonce 00030000: hash = 302f1400333ad53e759c9f5cb6c64f57ad2262825ee8cc357a1f3017985b690e (target = 00000ffff0000000000000000000000000000000000000000000000000000000)
2018-02-10 22:39:55 nonce 00031000: hash = 523ad93cc4edbbe126110c6f5f4044511c0c8dd850741308da6a2521bd4b707c (target = 00000ffff0000000000000000000000000000000000000000000000000000000)
2018-02-10 22:39:57 nonce 00032000: hash = b5528daa6f52ead555ba0305a018a938870f8993cbf308a44bd23e9ccab1f090 (target = 00000ffff0000000000000000000000000000000000000000000000000000000)
2018-02-10 22:39:59 nonce 00033000: hash = 2592762cea362f9b814565bb61493f0193ef5117cf56130ddc9114c2c646bfaf (target = 00000ffff0000000000000000000000000000000000000000000000000000000)
2018-02-10 22:40:00 nonce 00034000: hash = dfba46fa2552375492117b6a9392aacc3bfa1c24d9b6caebd00f300a9d7ecf3c (target = 00000ffff0000000000000000000000000000000000000000000000000000000)
2018-02-10 22:40:01 nonce 00035000: hash = fd4a4bcce4d9f94514ccfecd2b8e364a91c67399dfa111842a5ed2a3781f4d28 (target = 00000ffff0000000000000000000000000000000000000000000000000000000)
2018-02-10 22:40:02 nonce 00036000: hash = 93862ba185fafd848100e44f2dd2c5e6f26ef1692fea3e16602cffa585d2bc52 (target = 00000ffff0000000000000000000000000000000000000000000000000000000)
2018-02-10 22:40:04 nonce 00037000: hash = 6b4d77f9040ae8a71d7b162a1d44827a07debe652382618b794ad3defbc2e633 (target = 00000ffff0000000000000000000000000000000000000000000000000000000)
2018-02-10 22:40:05 nonce 00038000: hash = 13883bf9d1aa4284334580467f04e9d184ded511e523af7d6cc2724430dcc710 (target = 00000ffff0000000000000000000000000000000000000000000000000000000)
2018-02-10 22:40:06 nonce 00039000: hash = 05c9f867459a57b6c6f484c5d8cf3d7fc31670622d89374907084faa8ef6c3aa (target = 00000ffff0000000000000000000000000000000000000000000000000000000)
2018-02-10 22:40:07 nonce 0003A000: hash = 11c6d3e8fcad2784851d356509eb153e7b46d7738387ffbc5a572a6c532331d1 (target = 00000ffff0000000000000000000000000000000000000000000000000000000)
2018-02-10 22:40:09 nonce 0003B000: hash = b5dac6bc16b2ef6833c9fa3d6a9a3e7f02c8d5e3676ff5d2302505613dc84cec (target = 00000ffff0000000000000000000000000000000000000000000000000000000)
2018-02-10 22:40:10 nonce 0003C000: hash = 98c1d6297f8446c9c0793faea704c0f3aa45a290004ae7c0f53eea2d7fb916e9 (target = 00000ffff0000000000000000000000000000000000000000000000000000000)
2018-02-10 22:40:11 nonce 0003D000: hash = ff9f56a298516416b12d47d5aef8db5d1fc18f13f0682e1dcfef1166d3fb6a7f (target = 00000ffff0000000000000000000000000000000000000000000000000000000)
2018-02-10 22:40:12 nonce 0003E000: hash = 6fa5853b2c9ecfa797b51802b925d48329632ae4735e8f4c3272cd6980865d2f (target = 00000ffff0000000000000000000000000000000000000000000000000000000)
2018-02-10 22:40:13 nonce 0003F000: hash = e8e35eb3aa1dff7c11451d540a9f41dec8132d67354c61cb2ffbb0f4268d8e01 (target = 00000ffff0000000000000000000000000000000000000000000000000000000)
2018-02-10 22:40:15 nonce 00040000: hash = 9a22446723f1f2e6775e60f6aea0888530dcc7dbbbc88120c5d25cb785b6e5de (target = 00000ffff0000000000000000000000000000000000000000000000000000000)
2018-02-10 22:40:16 nonce 00041000: hash = 3c180bf54677752a6410d7debdd61bc2755ca9145af013eb93c8b7fb016800e2 (target = 00000ffff0000000000000000000000000000000000000000000000000000000)
2018-02-10 22:40:17 nonce 00042000: hash = e5cf4836f9007805abddb3cefe3c9240758572d32606967b0111bac5840bfe92 (target = 00000ffff0000000000000000000000000000000000000000000000000000000)
2018-02-10 22:40:19 nonce 00043000: hash = 2bf742bd08d5dfe5d7bb98bb98816f6188a42b5859a706b6a28d29daaa294933 (target = 00000ffff0000000000000000000000000000000000000000000000000000000)
2018-02-10 22:40:20 nonce 00044000: hash = 1f724435233ffa1ff8316dd6234772ef61e51417c7b0a8664437b39be5fcef81 (target = 00000ffff0000000000000000000000000000000000000000000000000000000)
2018-02-10 22:40:21 nonce 00045000: hash = 55bbd65b5452ab81e1d6b21465b12bf082f37710290b0c16a42ba9b628cb4f6d (target = 00000ffff0000000000000000000000000000000000000000000000000000000)
2018-02-10 22:40:23 nonce 00046000: hash = 467c4274117b85162af06d9733ad3cf5352f1e227372c7f2c2c167651af0d42e (target = 00000ffff0000000000000000000000000000000000000000000000000000000)
2018-02-10 22:40:25 nonce 00047000: hash = 6e8f44681a75d4d772dea33e78f40f2bd15f94b70340f3002b5968fb2ce101f2 (target = 00000ffff0000000000000000000000000000000000000000000000000000000)
2018-02-10 22:40:27 nonce 00048000: hash = 881681b1328d18b5b27cdda096a6cdc239b5642edb889fec077972af84df8650 (target = 00000ffff0000000000000000000000000000000000000000000000000000000)
2018-02-10 22:40:29 nonce 00049000: hash = 7f950eba0cb82864738dedc8c3586c46ae890784b16af3f6d8c42602d2717d56 (target = 00000ffff0000000000000000000000000000000000000000000000000000000)
2018-02-10 22:40:31 nonce 0004A000: hash = 117a3c82a6aa3b7c3fdefbe8ef332eafa544f58b9b753d07652c7f1b3938fd4c (target = 00000ffff0000000000000000000000000000000000000000000000000000000)
2018-02-10 22:40:33 nonce 0004B000: hash = d1140fa156ad474a711f20521199bc0812c25ac3a0baa66ec370bcfbe7bd9714 (target = 00000ffff0000000000000000000000000000000000000000000000000000000)
2018-02-10 22:40:35 nonce 0004C000: hash = 0b21a8dd20d9822a275f3e95dffe10a1e94f5cbf07fa04d24cdf9eeb887d0055 (target = 00000ffff0000000000000000000000000000000000000000000000000000000)
2018-02-10 22:40:37 nonce 0004D000: hash = 4a3cd3265f13a59c30ed27ef41c3089e7713d9abf0342247bcc62896c32018d7 (target = 00000ffff0000000000000000000000000000000000000000000000000000000)
2018-02-10 22:40:39 nonce 0004E000: hash = 0bb2de34056f466ac6f1cd439e72b526e4e590a589804eeee8194dadd5bf18eb (target = 00000ffff0000000000000000000000000000000000000000000000000000000)
2018-02-10 22:40:41 nonce 0004F000: hash = 7b2897ff51a7300f23a183784af699cc515bb8cc1feb2773f4ea5cfaafee3853 (target = 00000ffff0000000000000000000000000000000000000000000000000000000)
2018-02-10 22:40:43 nonce 00050000: hash = 245e5985825e311b21dfd26127b1457f277f44230358f4127271f35b6d036e18 (target = 00000ffff0000000000000000000000000000000000000000000000000000000)
2018-02-10 22:40:44 nonce 00051000: hash = 4453ec6d085fa8b41e0286d8d04ad2af276d38e3365a78ea9848614080259eab (target = 00000ffff0000000000000000000000000000000000000000000000000000000)
2018-02-10 22:40:45 nonce 00052000: hash = 9e55dd02b65b29af9dc88634bed3a8c83fec178085dd976068591d97aa86010c (target = 00000ffff0000000000000000000000000000000000000000000000000000000)
2018-02-10 22:40:46 nonce 00053000: hash = 935ccec79074f277acb6cf806a7f3f79a29d4536947bbd4f892c0d8531717e47 (target = 00000ffff0000000000000000000000000000000000000000000000000000000)
2018-02-10 22:40:47 nonce 00054000: hash = 4646381b37dced3c87b4478dcc5dd4f722c38ab67a0b8138cd6e86ad2cd80df2 (target = 00000ffff0000000000000000000000000000000000000000000000000000000)
2018-02-10 22:40:48 nonce 00055000: hash = 346a46e20d73ce743f2fa51c7fd2eb71605771a99231dccf97d99d50f79993ad (target = 00000ffff0000000000000000000000000000000000000000000000000000000)
2018-02-10 22:40:50 nonce 00056000: hash = b4fe7bd83d1a7a8b705427669535c104a0671c2d4c14e3a74f2b571202dcfc14 (target = 00000ffff0000000000000000000000000000000000000000000000000000000)
2018-02-10 22:40:51 nonce 00057000: hash = 066c918374f0b9e30f52c3647d3d3b9432d257e170edc44aebbf3b02361152b0 (target = 00000ffff0000000000000000000000000000000000000000000000000000000)
2018-02-10 22:40:52 nonce 00058000: hash = 36c810ae3878eae3919cb071ce94d0e59a010db57c3803e588163bcf62377a82 (target = 00000ffff0000000000000000000000000000000000000000000000000000000)
2018-02-10 22:40:53 nonce 00059000: hash = 48004f46410b9ce50b70d56397336bca0fb2e1fe1e9f55707fe6e1777c2c81d5 (target = 00000ffff0000000000000000000000000000000000000000000000000000000)
2018-02-10 22:40:55 nonce 0005A000: hash = 42f6ea7b5a519c91750512d2de8acddd63d382a840df5ba4d48bf1d8355df1d0 (target = 00000ffff0000000000000000000000000000000000000000000000000000000)
2018-02-10 22:40:56 nonce 0005B000: hash = 7ee357889ecb1cec516b628b279b3419d1a626a6b9c28494675781deac9d3cc3 (target = 00000ffff0000000000000000000000000000000000000000000000000000000)
2018-02-10 22:40:57 nonce 0005C000: hash = c8fac294fc7d0c98367e42514966e88af0fe8b68e103911d4cd59f3a3308777e (target = 00000ffff0000000000000000000000000000000000000000000000000000000)
2018-02-10 22:40:58 nonce 0005D000: hash = f35a9c151c1f1c789e76b1dcf8f46362b5f546fc5d1c73cbbdb770968f2f01ef (target = 00000ffff0000000000000000000000000000000000000000000000000000000)
2018-02-10 22:40:59 nonce 0005E000: hash = 9e6afd559b2c66b63a4c98b1df048206eddc34cdba7d1aaa3646d098688c6b03 (target = 00000ffff0000000000000000000000000000000000000000000000000000000)
2018-02-10 22:41:01 nonce 0005F000: hash = 2d416e8ddac2d9998271101683a1f241f899e0d4abe2d60e9982b5cbf52697eb (target = 00000ffff0000000000000000000000000000000000000000000000000000000)
2018-02-10 22:41:02 nonce 00060000: hash = bb6229a7fdb07f1364549b93b55c184a78d21086b8396146073932a5b1266b8e (target = 00000ffff0000000000000000000000000000000000000000000000000000000)
2018-02-10 22:41:03 nonce 00061000: hash = d7ccd2458bcadcac57d984c97a693e23939fb1a0ccb42ad48d8c5661468d6199 (target = 00000ffff0000000000000000000000000000000000000000000000000000000)
2018-02-10 22:41:04 nonce 00062000: hash = b967c0020c4c13f2b2dca877663db63200bed436f22dbed019a489d5d297bfce (target = 00000ffff0000000000000000000000000000000000000000000000000000000)
2018-02-10 22:41:06 nonce 00063000: hash = ba4015d966e559df1742e85875d5af97c14c09459a1c1fd3c378d0dee6310dc0 (target = 00000ffff0000000000000000000000000000000000000000000000000000000)
2018-02-10 22:41:08 nonce 00064000: hash = 8e730d910aabef9d03d78ee97a9ee0522b43b418f6775967ed31f3af6f2ace9b (target = 00000ffff0000000000000000000000000000000000000000000000000000000)
2018-02-10 22:41:10 nonce 00065000: hash = 4560623b93d80994c9c51750374118a2487714ae94219c9211c7fd505bdfc16e (target = 00000ffff0000000000000000000000000000000000000000000000000000000)
2018-02-10 22:41:12 nonce 00066000: hash = 128b1db3b681e6210e5a9d07343bc4323f97a2abf7041f1641a5b2c05675dfb7 (target = 00000ffff0000000000000000000000000000000000000000000000000000000)
2018-02-10 22:41:13 nonce 00067000: hash = 3900b928e217bdc2ed344dc3512643ea1262188f986d40fa99e4a35e4c44968f (target = 00000ffff0000000000000000000000000000000000000000000000000000000)
2018-02-10 22:41:15 nonce 00068000: hash = 17201313f970bddc6c70880e25038b84df934be123d11764ab79609048bc2823 (target = 00000ffff0000000000000000000000000000000000000000000000000000000)
2018-02-10 22:41:17 nonce 00069000: hash = 0262ca8238b9ef93f779cf8d2dd62e4d4684b3835c1d02e493035ec20a47e179 (target = 00000ffff0000000000000000000000000000000000000000000000000000000)
2018-02-10 22:41:19 nonce 0006A000: hash = aaffe8ca2ed4d9277c058318b5ed66947a348c6f1989f3d81bda58df9ff74cbd (target = 00000ffff0000000000000000000000000000000000000000000000000000000)
2018-02-10 22:41:21 nonce 0006B000: hash = 424dc3074437550ebe4ddc01a0054c54a872b7a4b08c29f9743e7ca24f022beb (target = 00000ffff0000000000000000000000000000000000000000000000000000000)
2018-02-10 22:41:23 nonce 0006C000: hash = 56892b301a8ea9bde86e46c2dca6872876a0c8757197b3aa2fd38949d891d28a (target = 00000ffff0000000000000000000000000000000000000000000000000000000)
2018-02-10 22:41:25 nonce 0006D000: hash = 841aa8dc7503b89506c9f7b838add147ea890f904091932e2bb6755f296c97ed (target = 00000ffff0000000000000000000000000000000000000000000000000000000)
2018-02-10 22:41:27 nonce 0006E000: hash = 19b7f41a52369b7513bdae2d1300bb167fad002608b11583a29be9d6cef822bd (target = 00000ffff0000000000000000000000000000000000000000000000000000000)
2018-02-10 22:41:29 nonce 0006F000: hash = 59f2a4eea22fc5ee5203f6d1e2d30230aa91e8f04cc91158b9d25470ead04c16 (target = 00000ffff0000000000000000000000000000000000000000000000000000000)
2018-02-10 22:41:31 nonce 00070000: hash = 2522247e4fa8c816e84b0112dcb2df62c437bb25593c337c87b7af212e266921 (target = 00000ffff0000000000000000000000000000000000000000000000000000000)
2018-02-10 22:41:33 nonce 00071000: hash = 1149c587d95642248fbf91e7a25ebb6b9cca7dbedd2a2ce2e3153cf581de0661 (target = 00000ffff0000000000000000000000000000000000000000000000000000000)
2018-02-10 22:41:34 nonce 00072000: hash = 0e017c11de098c97d04aec76a0c9c1f1dd06e01c3a957f915fcb9d1df239a4ca (target = 00000ffff0000000000000000000000000000000000000000000000000000000)
2018-02-10 22:41:36 nonce 00073000: hash = 831eebea6ec09ccaf7990edca1c76616aefec31878d6818da1ffe58f5b888015 (target = 00000ffff0000000000000000000000000000000000000000000000000000000)
2018-02-10 22:41:37 nonce 00074000: hash = cf2d09430d57b9bb04945a3c0034dcf60c716b4f2115516234b05278c513f502 (target = 00000ffff0000000000000000000000000000000000000000000000000000000)
2018-02-10 22:41:38 nonce 00075000: hash = b08fab49331324a7137548964d84fe12bfdc58ab4b305376075c3c8ca5279668 (target = 00000ffff0000000000000000000000000000000000000000000000000000000)
2018-02-10 22:41:39 nonce 00076000: hash = 19742b1f802aaf3f64c5a55c57f5b1d599cb9990fbb469ab2d12c8da7fb3eabe (target = 00000ffff0000000000000000000000000000000000000000000000000000000)
2018-02-10 22:41:41 nonce 00077000: hash = 2b7fdcf7db72aae1901eec31d01319e889230bce7aae4c16f0e1484e822e9cb8 (target = 00000ffff0000000000000000000000000000000000000000000000000000000)
2018-02-10 22:41:42 nonce 00078000: hash = 6f947ae68918393cb942beb4bde11265a90ad121c455df3b98a2cd48cc6c2cb3 (target = 00000ffff0000000000000000000000000000000000000000000000000000000)
2018-02-10 22:41:43 nonce 00079000: hash = 43ac0388d7d72b6a6387df365d79fade63cf21b1482681adffcd192241f9d9d6 (target = 00000ffff0000000000000000000000000000000000000000000000000000000)
2018-02-10 22:41:44 nonce 0007A000: hash = e872cc7a6afd0f46a61511840cb5f98cce4a287311d04d9419a09495ab4f3ad4 (target = 00000ffff0000000000000000000000000000000000000000000000000000000)
2018-02-10 22:41:45 nonce 0007B000: hash = 8700b5a5667958af02834533815d18440b8547b869efb6b9c126fc2309eab3ba (target = 00000ffff0000000000000000000000000000000000000000000000000000000)
2018-02-10 22:41:47 nonce 0007C000: hash = 2e7d3971227338e568b119837acbe9b34296d74336539f9c5f1c7227989f925f (target = 00000ffff0000000000000000000000000000000000000000000000000000000)
2018-02-10 22:41:48 nonce 0007D000: hash = 60c5b3131b43312265b47d0bf921d03276c8370edc6909a49106fe3f92fe177e (target = 00000ffff0000000000000000000000000000000000000000000000000000000)
2018-02-10 22:41:49 nonce 0007E000: hash = 6c876d441514e3766f221b64eab44c6e1ea6bbc07b4131a91de17a365d178d5d (target = 00000ffff0000000000000000000000000000000000000000000000000000000)
2018-02-10 22:41:50 nonce 0007F000: hash = 28832a825f81563c4868afb6f55644d0a30ec7149ef44bf64606f9026b132b8c (target = 00000ffff0000000000000000000000000000000000000000000000000000000)
2018-02-10 22:41:52 nonce 00080000: hash = ea921913b447b0f9ae78f1f50f7c0dd3e3cb88863cf465e392555caedc5170a6 (target = 00000ffff0000000000000000000000000000000000000000000000000000000)
2018-02-10 22:41:53 nonce 00081000: hash = 7799f2426ea838916ceb17bf61fc96eff0645c311b570370b50278944fcfcfce (target = 00000ffff0000000000000000000000000000000000000000000000000000000)
2018-02-10 22:41:54 nonce 00082000: hash = 3843f0c5325f445d8557dac6229ba0e9732a9c6e57baeee37ad2e84d35824e50 (target = 00000ffff0000000000000000000000000000000000000000000000000000000)
2018-02-10 22:41:55 nonce 00083000: hash = db2aab650b514dc84c14b024aea4d799a3e577a70fd9acd0f222ee45b2cda381 (target = 00000ffff0000000000000000000000000000000000000000000000000000000)
2018-02-10 22:41:57 nonce 00084000: hash = 8168cb56b522d287b81c77a77a3c04b9d284dc632e940ee9b1645ac2aa154b22 (target = 00000ffff0000000000000000000000000000000000000000000000000000000)
2018-02-10 22:41:58 nonce 00085000: hash = a118c1fc19e0536da5360f91ffb2e70680f4400ac1c58e3e0cdd5b8948c8b619 (target = 00000ffff0000000000000000000000000000000000000000000000000000000)
